23:35:26 [32minfo[39m: Server is running on port 3000
23:35:31 [32minfo[39m: get API
23:35:31 [32minfo[39m: Incoming Request: GET /
 00:43:30 [32minfo[39m: Server is running on port 3000
19:19:59 [32minfo[39m: Server is running on port 3000
19:26:20 [32minfo[39m: Server is running on port 3000
22:02:30 [32minfo[39m: Server is running on port 3000
22:23:30 [32minfo[39m: get API
22:23:30 [32minfo[39m: Incoming Request: GET /
22:24:34 [32minfo[39m: get API
22:24:34 [32minfo[39m: Incoming Request: GET /
22:24:34 [32minfo[39m: get API
22:24:34 [32minfo[39m: Incoming Request: GET /
22:24:34 [32minfo[39m: get API
22:24:34 [32minfo[39m: Incoming Request: GET /
22:24:34 [32minfo[39m: get API
22:24:34 [32minfo[39m: Incoming Request: GET /
22:24:34 [32minfo[39m: get API
22:24:34 [32minfo[39m: Incoming Request: GET /
22:24:35 [32minfo[39m: get API
22:24:35 [32minfo[39m: Incoming Request: GET /
22:24:35 [32minfo[39m: get API
22:24:35 [32minfo[39m: Incoming Request: GET /
22:24:35 [32minfo[39m: get API
22:24:35 [32minfo[39m: Incoming Request: GET /
22:24:35 [32minfo[39m: get API
22:24:35 [32minfo[39m: Incoming Request: GET /
22:24:35 [32minfo[39m: get API
22:24:35 [32minfo[39m: Incoming Request: GET /
22:24:36 [32minfo[39m: get API
22:24:36 [32minfo[39m: Incoming Request: GET /
22:24:36 [32minfo[39m: get API
22:24:36 [32minfo[39m: Incoming Request: GET /
22:24:36 [32minfo[39m: get API
22:24:36 [32minfo[39m: Incoming Request: GET /
22:24:36 [32minfo[39m: get API
22:24:36 [32minfo[39m: Incoming Request: GET /
22:24:36 [32minfo[39m: get API
22:24:36 [32minfo[39m: Incoming Request: GET /
22:24:37 [32minfo[39m: get API
22:24:37 [32minfo[39m: Incoming Request: GET /
22:24:37 [32minfo[39m: get API
22:24:37 [32minfo[39m: Incoming Request: GET /
22:24:37 [32minfo[39m: get API
22:24:37 [32minfo[39m: Incoming Request: GET /
22:24:37 [32minfo[39m: get API
22:24:37 [32minfo[39m: Incoming Request: GET /
22:24:37 [32minfo[39m: get API
22:24:37 [32minfo[39m: Incoming Request: GET /
22:24:38 [32minfo[39m: get API
22:24:38 [32minfo[39m: Incoming Request: GET /
22:24:38 [32minfo[39m: get API
22:24:38 [32minfo[39m: Incoming Request: GET /
22:24:38 [32minfo[39m: get API
22:24:38 [32minfo[39m: Incoming Request: GET /
22:24:38 [32minfo[39m: get API
22:24:38 [32minfo[39m: Incoming Request: GET /
22:24:39 [32minfo[39m: get API
22:24:39 [32minfo[39m: Incoming Request: GET /
22:24:40 [32minfo[39m: get API
22:24:40 [32minfo[39m: Incoming Request: GET /
22:24:41 [32minfo[39m: get API
22:24:41 [32minfo[39m: Incoming Request: GET /
22:24:41 [32minfo[39m: get API
22:24:41 [32minfo[39m: Incoming Request: GET /
22:24:43 [32minfo[39m: get API
22:24:43 [32minfo[39m: Incoming Request: GET /
22:24:45 [32minfo[39m: get API
22:24:45 [32minfo[39m: Incoming Request: GET /
22:24:45 [32minfo[39m: get API
22:24:45 [32minfo[39m: Incoming Request: GET /
22:24:45 [32minfo[39m: get API
22:24:45 [32minfo[39m: Incoming Request: GET /
22:24:46 [32minfo[39m: get API
22:24:46 [32minfo[39m: Incoming Request: GET /
22:24:46 [32minfo[39m: get API
22:24:46 [32minfo[39m: Incoming Request: GET /
22:24:46 [32minfo[39m: get API
22:24:46 [32minfo[39m: Incoming Request: GET /
22:24:46 [32minfo[39m: get API
22:24:46 [32minfo[39m: Incoming Request: GET /
22:24:46 [32minfo[39m: get API
22:24:46 [32minfo[39m: Incoming Request: GET /
22:24:47 [32minfo[39m: get API
22:24:47 [32minfo[39m: Incoming Request: GET /
22:24:47 [32minfo[39m: get API
22:24:47 [32minfo[39m: Incoming Request: GET /
22:24:47 [32minfo[39m: get API
22:24:47 [32minfo[39m: Incoming Request: GET /
22:24:48 [32minfo[39m: get API
22:24:48 [32minfo[39m: Incoming Request: GET /
22:24:48 [32minfo[39m: get API
22:24:48 [32minfo[39m: Incoming Request: GET /
22:24:48 [32minfo[39m: get API
22:24:48 [32minfo[39m: Incoming Request: GET /
22:24:48 [32minfo[39m: get API
22:24:48 [32minfo[39m: Incoming Request: GET /
22:24:48 [32minfo[39m: get API
22:24:48 [32minfo[39m: Incoming Request: GET /
22:24:48 [32minfo[39m: get API
22:24:48 [32minfo[39m: Incoming Request: GET /
22:30:17 [32minfo[39m: Server is running on port 3000
22:30:24 [32minfo[39m: get API
22:30:24 [32minfo[39m: Incoming Request: GET /
22:33:16 [32minfo[39m: Server is running on port 3000
22:34:44 [32minfo[39m: Server is running on port 3000
22:34:51 [32minfo[39m: get API
22:34:51 [32minfo[39m: Incoming Request: GET /
22:35:32 [32minfo[39m: Server is running on port 3000
22:35:41 [32minfo[39m: get API
22:35:41 [32minfo[39m: Incoming Request: GET /
22:39:28 [32minfo[39m: Server is running on port 3000
22:40:13 [32minfo[39m: Server is running on port 3000
22:40:20 [32minfo[39m: Server is running on port 3000
22:40:22 [32minfo[39m: Server is running on port 3000
22:40:23 [32minfo[39m: Server is running on port 3000
22:41:08 [32minfo[39m: Server is running on port 3000
22:41:29 [32minfo[39m: Server is running on port 3000
22:41:31 [32minfo[39m: Server is running on port 3000
22:41:35 [32minfo[39m: Server is running on port 3000
22:41:37 [32minfo[39m: Server is running on port 3000
22:41:44 [32minfo[39m: Server is running on port 3000
22:41:50 [32minfo[39m: Server is running on port 3000
22:41:52 [32minfo[39m: Server is running on port 3000
22:42:01 [32minfo[39m: Server is running on port 3000
22:42:04 [32minfo[39m: Server is running on port 3000
22:42:06 [32minfo[39m: Server is running on port 3000
22:42:13 [32minfo[39m: Server is running on port 3000
22:42:19 [32minfo[39m: Server is running on port 3000
22:42:22 [32minfo[39m: Server is running on port 3000
22:42:27 [32minfo[39m: Server is running on port 3000
22:42:30 [32minfo[39m: Server is running on port 3000
22:42:33 [32minfo[39m: Server is running on port 3000
22:42:41 [32minfo[39m: Server is running on port 3000
22:42:43 [32minfo[39m: Server is running on port 3000
22:42:53 [32minfo[39m: Server is running on port 3000
22:43:02 [32minfo[39m: Server is running on port 3000
22:43:04 [32minfo[39m: Server is running on port 3000
22:43:07 [32minfo[39m: Server is running on port 3000
22:43:10 [32minfo[39m: Server is running on port 3000
22:43:12 [32minfo[39m: Server is running on port 3000
22:43:18 [32minfo[39m: Server is running on port 3000
22:43:20 [32minfo[39m: Server is running on port 3000
22:43:34 [32minfo[39m: Server is running on port 3000
22:44:07 [32minfo[39m: Server is running on port 3000
22:44:59 [32minfo[39m: Server is running on port 3000
22:45:01 [32minfo[39m: Server is running on port 3000
22:45:05 [32minfo[39m: Server is running on port 3000
22:45:09 [32minfo[39m: Server is running on port 3000
22:45:13 [32minfo[39m: Server is running on port 3000
22:45:15 [32minfo[39m: Server is running on port 3000
22:45:22 [32minfo[39m: Server is running on port 3000
22:45:29 [32minfo[39m: Server is running on port 3000
22:45:32 [32minfo[39m: Server is running on port 3000
22:45:34 [32minfo[39m: Server is running on port 3000
22:45:37 [32minfo[39m: Server is running on port 3000
22:45:40 [32minfo[39m: Server is running on port 3000
22:45:44 [32minfo[39m: Server is running on port 3000
22:45:48 [32minfo[39m: Server is running on port 3000
22:45:51 [32minfo[39m: Server is running on port 3000
22:45:56 [32minfo[39m: Server is running on port 3000
22:45:58 [32minfo[39m: Server is running on port 3000
22:46:02 [32minfo[39m: Server is running on port 3000
22:46:05 [32minfo[39m: Server is running on port 3000
22:46:42 [32minfo[39m: Server is running on port 3000
22:46:47 [32minfo[39m: Server is running on port 3000
22:46:50 [32minfo[39m: Server is running on port 3000
22:46:58 [32minfo[39m: Server is running on port 3000
22:46:59 [32minfo[39m: Server is running on port 3000
22:47:03 [32minfo[39m: Server is running on port 3000
22:47:06 [32minfo[39m: Server is running on port 3000
22:48:08 [32minfo[39m: Server is running on port 3000
22:49:09 [32minfo[39m: Server is running on port 3000
22:51:17 [32minfo[39m: Server is running on port 3000
23:26:50 [32minfo[39m: Server is running on port 3000
23:27:32 [32minfo[39m: Server is running on port 3000
23:27:57 [32minfo[39m: Server is running on port 3000
23:28:03 [32minfo[39m: Server is running on port 3000
23:28:04 [32minfo[39m: Server is running on port 3000
23:28:05 [32minfo[39m: Server is running on port 3000
23:28:33 [32minfo[39m: Server is running on port 3000
23:29:01 [32minfo[39m: Server is running on port 3000
23:31:10 [32minfo[39m: Server is running on port 3000
23:31:16 [32minfo[39m: Server is running on port 3000
23:32:14 [32minfo[39m: Server is running on port 3000
23:32:15 [32minfo[39m: Server is running on port 3000
23:32:21 [32minfo[39m: Server is running on port 3000
23:32:36 [32minfo[39m: Server is running on port 3000
23:32:37 [32minfo[39m: Server is running on port 3000
23:32:47 [32minfo[39m: Server is running on port 3000
23:33:20 [32minfo[39m: Server is running on port 3000
23:33:45 [32minfo[39m: Server is running on port 3000
23:33:54 [32minfo[39m: Server is running on port 3000
23:33:58 [32minfo[39m: Server is running on port 3000
23:35:10 [32minfo[39m: Server is running on port 3000
23:36:43 [32minfo[39m: Server is running on port 3000
23:36:46 [32minfo[39m: Server is running on port 3000
23:36:48 [32minfo[39m: Server is running on port 3000
23:36:53 [32minfo[39m: Server is running on port 3000
23:37:49 [32minfo[39m: Server is running on port 3000
23:37:51 [32minfo[39m: Server is running on port 3000
23:37:55 [32minfo[39m: Server is running on port 3000
23:38:01 [32minfo[39m: Server is running on port 3000
23:38:03 [32minfo[39m: Server is running on port 3000
23:40:08 [32minfo[39m: Server is running on port 3000
23:40:40 [32minfo[39m: Server is running on port 3000
23:40:52 [32minfo[39m: Server is running on port 3000
23:42:40 [32minfo[39m: Server is running on port 3000
23:42:42 [32minfo[39m: Server is running on port 3000
23:44:32 [32minfo[39m: Server is running on port 3000
23:44:52 [32minfo[39m: Server is running on port 3000
23:46:17 [32minfo[39m: Server is running on port 3000
23:46:22 [32minfo[39m: Server is running on port 3000
23:49:13 [32minfo[39m: Server is running on port 3000
23:50:19 [32minfo[39m: Server is running on port 3000
23:50:24 [32minfo[39m: Server is running on port 3000
23:50:32 [32minfo[39m: Server is running on port 3000
23:50:35 [32minfo[39m: Server is running on port 3000
23:50:49 [32minfo[39m: Server is running on port 3000
23:51:52 [32minfo[39m: Server is running on port 3000
23:52:01 [32minfo[39m: Server is running on port 3000
00:02:35 [32minfo[39m: Server is running on port 3000
00:02:40 [32minfo[39m: Server is running on port 3000
00:02:43 [32minfo[39m: Server is running on port 3000
00:02:46 [32minfo[39m: Server is running on port 3000
00:02:50 [32minfo[39m: Server is running on port 3000
00:03:00 [32minfo[39m: Server is running on port 3000
00:08:36 [32minfo[39m: Server is running on port 3000
00:10:28 [32minfo[39m: Server is running on port 3000
00:26:22 [32minfo[39m: Server is running on port 3000
11:59:16 [32minfo[39m: Server is running on port 3000
12:05:26 [32minfo[39m: Server is running on port 3000
12:05:41 [32minfo[39m: Server is running on port 3000
12:05:55 [32minfo[39m: Server is running on port 3000
12:06:07 [32minfo[39m: Server is running on port 3000
12:07:04 [32minfo[39m: Server is running on port 3000
12:07:11 [32minfo[39m: Server is running on port 3000
12:14:07 [32minfo[39m: Server is running on port 3000
12:22:03 [32minfo[39m: Server is running on port 3000
12:25:13 [32minfo[39m: Server is running on port 3000
12:25:18 [32minfo[39m: Server is running on port 3000
12:25:39 [32minfo[39m: Server is running on port 3000
12:25:55 [32minfo[39m: Server is running on port 3000
12:26:04 [32minfo[39m: Server is running on port 3000
12:28:59 [32minfo[39m: Server is running on port 3000
12:29:51 [32minfo[39m: Server is running on port 3000
12:32:25 [32minfo[39m: Server is running on port 3000
12:33:40 [32minfo[39m: Server is running on port 3000
12:33:53 [32minfo[39m: Server is running on port 3000
12:47:35 [32minfo[39m: Server is running on port 3000
12:47:42 [32minfo[39m: Server is running on port 3000
12:47:45 [32minfo[39m: Server is running on port 3000
12:47:50 [32minfo[39m: Server is running on port 3000
12:47:54 [32minfo[39m: Server is running on port 3000
13:01:43 [32minfo[39m: Server is running on port 3000
13:02:06 [32minfo[39m: Server is running on port 3000
13:02:10 [32minfo[39m: Server is running on port 3000
13:02:12 [32minfo[39m: Server is running on port 3000
13:02:17 [32minfo[39m: Server is running on port 3000
13:02:22 [32minfo[39m: Server is running on port 3000
13:02:23 [32minfo[39m: Server is running on port 3000
13:02:27 [32minfo[39m: Server is running on port 3000
13:02:42 [32minfo[39m: Server is running on port 3000
13:02:54 [32minfo[39m: Server is running on port 3000
13:02:58 [32minfo[39m: Server is running on port 3000
13:03:00 [32minfo[39m: Server is running on port 3000
13:03:06 [32minfo[39m: Server is running on port 3000
13:03:11 [32minfo[39m: Server is running on port 3000
13:03:14 [32minfo[39m: Server is running on port 3000
13:03:15 [32minfo[39m: Server is running on port 3000
13:03:17 [32minfo[39m: Server is running on port 3000
13:03:26 [32minfo[39m: Server is running on port 3000
13:03:56 [32minfo[39m: Server is running on port 3000
13:16:22 [32minfo[39m: Server is running on port 3000
13:18:30 [32minfo[39m: Server is running on port 3000
13:19:30 [32minfo[39m: Server is running on port 3000
13:25:47 [32minfo[39m: Server is running on port 3000
13:26:18 [32minfo[39m: Server is running on port 3000
13:27:52 [32minfo[39m: Server is running on port 3000
13:28:02 [32minfo[39m: Server is running on port 3000
13:28:06 [32minfo[39m: Server is running on port 3000
13:28:07 [32minfo[39m: Server is running on port 3000
13:28:10 [32minfo[39m: Server is running on port 3000
13:28:22 [32minfo[39m: Server is running on port 3000
13:28:59 [32minfo[39m: Server is running on port 3000
13:29:15 [32minfo[39m: Server is running on port 3000
13:30:40 [32minfo[39m: Server is running on port 3000
13:32:00 [32minfo[39m: Server is running on port 3000
13:33:17 [32minfo[39m: Server is running on port 3000
13:33:28 [32minfo[39m: Server is running on port 3000
13:33:51 [32minfo[39m: Server is running on port 3000
13:33:56 [32minfo[39m: Server is running on port 3000
13:33:59 [32minfo[39m: Server is running on port 3000
13:34:05 [32minfo[39m: Server is running on port 3000
13:34:08 [32minfo[39m: Server is running on port 3000
13:34:45 [32minfo[39m: Server is running on port 3000
13:34:46 [32minfo[39m: Server is running on port 3000
13:34:47 [32minfo[39m: Server is running on port 3000
13:34:49 [32minfo[39m: Server is running on port 3000
13:35:10 [32minfo[39m: Server is running on port 3000
13:36:42 [32minfo[39m: Server is running on port 3000
13:36:49 [32minfo[39m: Server is running on port 3000
13:36:56 [32minfo[39m: Server is running on port 3000
13:36:58 [32minfo[39m: Server is running on port 3000
13:37:00 [32minfo[39m: Server is running on port 3000
13:38:37 [32minfo[39m: Server is running on port 3000
13:38:43 [32minfo[39m: Server is running on port 3000
13:38:53 [32minfo[39m: Server is running on port 3000
13:39:01 [32minfo[39m: Server is running on port 3000
13:39:03 [32minfo[39m: Server is running on port 3000
13:39:07 [32minfo[39m: Server is running on port 3000
13:39:11 [32minfo[39m: Server is running on port 3000
13:39:29 [32minfo[39m: Server is running on port 3000
13:39:38 [32minfo[39m: Server is running on port 3000
13:40:07 [32minfo[39m: Server is running on port 3000
13:40:09 [32minfo[39m: Server is running on port 3000
13:40:12 [32minfo[39m: Server is running on port 3000
13:40:13 [32minfo[39m: Server is running on port 3000
13:40:16 [32minfo[39m: Server is running on port 3000
13:40:18 [32minfo[39m: Server is running on port 3000
13:40:23 [32minfo[39m: Server is running on port 3000
13:40:28 [32minfo[39m: Server is running on port 3000
13:47:51 [32minfo[39m: Server is running on port 3000
13:48:04 [32minfo[39m: Server is running on port 3000
13:48:34 [32minfo[39m: Server is running on port 3000
13:49:16 [32minfo[39m: Server is running on port 3000
13:49:24 [32minfo[39m: Server is running on port 3000
13:50:45 [32minfo[39m: Server is running on port 3000
13:50:56 [32minfo[39m: Server is running on port 3000
13:51:01 [32minfo[39m: Server is running on port 3000
13:51:28 [32minfo[39m: Server is running on port 3000
13:52:03 [32minfo[39m: Server is running on port 3000
13:52:26 [32minfo[39m: Server is running on port 3000
13:53:01 [32minfo[39m: Server is running on port 3000
13:53:40 [32minfo[39m: Server is running on port 3000
13:57:00 [32minfo[39m: Server is running on port 3000
13:57:05 [32minfo[39m: Server is running on port 3000
14:01:08 [32minfo[39m: Server is running on port 3000
14:02:17 [32minfo[39m: Server is running on port 3000
14:06:17 [32minfo[39m: Server is running on port 3000
14:08:02 [32minfo[39m: Server is running on port 3000
14:10:59 [32minfo[39m: Server is running on port 3000
14:11:03 [32minfo[39m: Server is running on port 3000
14:11:05 [32minfo[39m: Server is running on port 3000
14:11:17 [32minfo[39m: Server is running on port 3000
14:13:57 [32minfo[39m: Server is running on port 3000
14:14:01 [32minfo[39m: Server is running on port 3000
14:14:06 [32minfo[39m: Server is running on port 3000
14:14:09 [32minfo[39m: Server is running on port 3000
14:14:12 [32minfo[39m: Server is running on port 3000
14:14:16 [32minfo[39m: Server is running on port 3000
14:14:30 [32minfo[39m: Server is running on port 3000
14:15:08 [32minfo[39m: Server is running on port 3000
14:15:11 [32minfo[39m: Server is running on port 3000
14:15:23 [32minfo[39m: Server is running on port 3000
14:15:26 [32minfo[39m: Server is running on port 3000
14:15:36 [32minfo[39m: Server is running on port 3000
14:15:42 [32minfo[39m: Server is running on port 3000
14:15:43 [32minfo[39m: Server is running on port 3000
14:16:34 [32minfo[39m: Server is running on port 3000
14:17:15 [32minfo[39m: Server is running on port 3000
14:18:27 [32minfo[39m: Server is running on port 3000
14:18:42 [32minfo[39m: Server is running on port 3000
14:18:49 [32minfo[39m: Server is running on port 3000
14:19:39 [32minfo[39m: Server is running on port 3000
14:19:50 [32minfo[39m: Server is running on port 3000
14:20:00 [32minfo[39m: Server is running on port 3000
14:20:05 [32minfo[39m: Server is running on port 3000
14:25:29 [32minfo[39m: Server is running on port 3000
14:26:12 [32minfo[39m: Server is running on port 3000
14:26:17 [32minfo[39m: Server is running on port 3000
14:27:13 [32minfo[39m: Server is running on port 3000
14:27:20 [32minfo[39m: Server is running on port 3000
14:27:25 [32minfo[39m: Server is running on port 3000
14:27:54 [32minfo[39m: Server is running on port 3000
14:28:45 [32minfo[39m: Server is running on port 3000
14:28:54 [32minfo[39m: Server is running on port 3000
14:29:00 [32minfo[39m: Server is running on port 3000
14:30:43 [32minfo[39m: Server is running on port 3000
14:30:49 [32minfo[39m: Server is running on port 3000
14:30:59 [32minfo[39m: Server is running on port 3000
14:31:06 [32minfo[39m: Server is running on port 3000
14:31:52 [32minfo[39m: Server is running on port 3000
14:31:58 [32minfo[39m: Server is running on port 3000
14:32:12 [32minfo[39m: Server is running on port 3000
14:33:00 [32minfo[39m: Server is running on port 3000
14:33:08 [32minfo[39m: Server is running on port 3000
14:34:11 [32minfo[39m: Server is running on port 3000
14:35:06 [32minfo[39m: Server is running on port 3000
14:36:00 [32minfo[39m: Server is running on port 3000
14:37:14 [32minfo[39m: Server is running on port 3000
14:37:57 [32minfo[39m: Server is running on port 3000
14:38:17 [32minfo[39m: Server is running on port 3000
14:39:02 [32minfo[39m: Server is running on port 3000
14:40:17 [32minfo[39m: Server is running on port 3000
14:40:26 [32minfo[39m: Server is running on port 3000
14:43:31 [32minfo[39m: Server is running on port 3000
14:43:43 [32minfo[39m: Server is running on port 3000
14:43:47 [32minfo[39m: Server is running on port 3000
14:44:22 [32minfo[39m: Server is running on port 3000
14:47:40 [32minfo[39m: Server is running on port 3000
14:47:46 [32minfo[39m: Server is running on port 3000
14:48:07 [32minfo[39m: Server is running on port 3000
14:50:41 [32minfo[39m: Server is running on port 3000
14:50:46 [32minfo[39m: Server is running on port 3000
14:50:55 [32minfo[39m: Server is running on port 3000
14:51:54 [32minfo[39m: Server is running on port 3000
14:52:31 [32minfo[39m: Server is running on port 3000
14:52:58 [32minfo[39m: Server is running on port 3000
14:53:29 [32minfo[39m: Server is running on port 3000
14:53:51 [32minfo[39m: Server is running on port 3000
14:55:41 [32minfo[39m: Server is running on port 3000
14:55:53 [32minfo[39m: Server is running on port 3000
14:58:30 [32minfo[39m: Server is running on port 3000
15:00:38 [32minfo[39m: Server is running on port 3000
15:01:18 [32minfo[39m: Server is running on port 3000
15:02:09 [32minfo[39m: Server is running on port 3000
15:10:20 [32minfo[39m: Server is running on port 3000
15:10:30 [32minfo[39m: Server is running on port 3000
15:11:49 [32minfo[39m: Server is running on port 3000
15:12:40 [32minfo[39m: Server is running on port 3000
15:12:46 [32minfo[39m: Server is running on port 3000
15:14:10 [32minfo[39m: Server is running on port 3000
15:14:18 [32minfo[39m: Server is running on port 3000
15:14:29 [32minfo[39m: Server is running on port 3000
15:16:11 [32minfo[39m: Server is running on port 3000
15:16:23 [32minfo[39m: Server is running on port 3000
15:16:27 [32minfo[39m: Server is running on port 3000
15:16:47 [32minfo[39m: Server is running on port 3000
15:16:52 [32minfo[39m: Server is running on port 3000
15:16:58 [32minfo[39m: Server is running on port 3000
15:17:04 [32minfo[39m: Server is running on port 3000
15:18:45 [32minfo[39m: Server is running on port 3000
15:18:51 [32minfo[39m: Server is running on port 3000
15:19:01 [32minfo[39m: Server is running on port 3000
15:19:08 [32minfo[39m: Server is running on port 3000
15:19:14 [32minfo[39m: Server is running on port 3000
15:21:21 [32minfo[39m: Server is running on port 3000
15:21:29 [32minfo[39m: Server is running on port 3000
15:23:12 [32minfo[39m: Server is running on port 3000
15:24:04 [32minfo[39m: Server is running on port 3000
15:24:43 [32minfo[39m: Server is running on port 3000
15:26:20 [32minfo[39m: Server is running on port 3000
15:26:30 [32minfo[39m: Server is running on port 3000
15:26:35 [32minfo[39m: Server is running on port 3000
15:26:46 [32minfo[39m: Server is running on port 3000
15:26:50 [32minfo[39m: Server is running on port 3000
15:26:56 [32minfo[39m: Server is running on port 3000
15:27:02 [32minfo[39m: Server is running on port 3000
15:27:16 [32minfo[39m: Server is running on port 3000
15:27:32 [32minfo[39m: Server is running on port 3000
15:27:56 [32minfo[39m: Server is running on port 3000
15:28:17 [32minfo[39m: Server is running on port 3000
15:28:29 [32minfo[39m: Server is running on port 3000
15:29:03 [32minfo[39m: Server is running on port 3000
15:42:40 [32minfo[39m: Server is running on port 3000
15:43:30 [32minfo[39m: Server is running on port 3000
15:49:45 [32minfo[39m: Server is running on port 3000
15:49:57 [32minfo[39m: Server is running on port 3000
15:50:01 [32minfo[39m: Server is running on port 3000
15:50:06 [32minfo[39m: Server is running on port 3000
15:51:11 [32minfo[39m: Server is running on port 3000
15:51:14 [32minfo[39m: Server is running on port 3000
15:51:29 [32minfo[39m: Server is running on port 3000
16:17:06 [32minfo[39m: Server is running on port 3000
16:17:09 [32minfo[39m: Server is running on port 3000
16:17:15 [32minfo[39m: Server is running on port 3000
16:17:20 [32minfo[39m: Server is running on port 3000
16:17:23 [32minfo[39m: Server is running on port 3000
16:17:25 [32minfo[39m: Server is running on port 3000
16:17:31 [32minfo[39m: Server is running on port 3000
16:17:35 [32minfo[39m: Server is running on port 3000
16:17:37 [32minfo[39m: Server is running on port 3000
16:17:41 [32minfo[39m: Server is running on port 3000
16:17:46 [32minfo[39m: Server is running on port 3000
16:17:51 [32minfo[39m: Server is running on port 3000
16:17:56 [32minfo[39m: Server is running on port 3000
16:17:58 [32minfo[39m: Server is running on port 3000
16:18:23 [32minfo[39m: Server is running on port 3000
16:18:24 [32minfo[39m: Server is running on port 3000
16:20:22 [32minfo[39m: Server is running on port 3000
16:20:25 [32minfo[39m: Server is running on port 3000
16:20:49 [32minfo[39m: Server is running on port 3000
16:20:55 [32minfo[39m: Server is running on port 3000
16:22:08 [32minfo[39m: Server is running on port 3000
16:22:47 [32minfo[39m: Server is running on port 3000
16:25:07 [32minfo[39m: Server is running on port 3000
16:25:51 [32minfo[39m: Server is running on port 3000
16:25:59 [32minfo[39m: Server is running on port 3000
16:26:42 [32minfo[39m: Server is running on port 3000
16:26:48 [32minfo[39m: Server is running on port 3000
16:26:54 [32minfo[39m: Server is running on port 3000
16:27:02 [32minfo[39m: Server is running on port 3000
16:27:05 [32minfo[39m: Server is running on port 3000
16:27:12 [32minfo[39m: Server is running on port 3000
16:27:19 [32minfo[39m: Server is running on port 3000
16:27:27 [32minfo[39m: Server is running on port 3000
16:27:34 [32minfo[39m: Server is running on port 3000
16:27:38 [32minfo[39m: Server is running on port 3000
16:27:41 [32minfo[39m: Server is running on port 3000
16:27:44 [32minfo[39m: Server is running on port 3000
16:27:46 [32minfo[39m: Server is running on port 3000
16:27:51 [32minfo[39m: Server is running on port 3000
16:27:59 [32minfo[39m: Server is running on port 3000
16:28:06 [32minfo[39m: Server is running on port 3000
16:51:14 [32minfo[39m: Server is running on port 3000
16:52:06 [32minfo[39m: Server is running on port 3000
16:54:40 [32minfo[39m: Server is running on port 3000
16:54:45 [32minfo[39m: Server is running on port 3000
16:54:51 [32minfo[39m: Server is running on port 3000
16:54:57 [32minfo[39m: Server is running on port 3000
16:56:10 [32minfo[39m: Server is running on port 3000
16:56:14 [32minfo[39m: Server is running on port 3000
16:56:32 [32minfo[39m: Server is running on port 3000
16:57:30 [32minfo[39m: Server is running on port 3000
16:57:37 [32minfo[39m: Server is running on port 3000
16:58:07 [32minfo[39m: Server is running on port 3000
16:58:13 [32minfo[39m: Server is running on port 3000
16:58:19 [32minfo[39m: Server is running on port 3000
16:58:28 [32minfo[39m: Server is running on port 3000
16:58:47 [32minfo[39m: Server is running on port 3000
16:59:17 [32minfo[39m: Server is running on port 3000
16:59:30 [32minfo[39m: Server is running on port 3000
17:00:13 [32minfo[39m: Server is running on port 3000
17:01:22 [32minfo[39m: Server is running on port 3000
17:01:40 [32minfo[39m: Server is running on port 3000
17:01:52 [32minfo[39m: Server is running on port 3000
17:01:55 [32minfo[39m: Server is running on port 3000
17:03:25 [32minfo[39m: Server is running on port 3000
17:04:47 [32minfo[39m: Server is running on port 3000
18:08:15 [32minfo[39m: Server is running on port 3000
18:08:24 [32minfo[39m: Server is running on port 3000
18:08:29 [32minfo[39m: Server is running on port 3000
18:08:34 [32minfo[39m: Server is running on port 3000
18:08:44 [32minfo[39m: Server is running on port 3000
18:08:53 [32minfo[39m: Server is running on port 3000
18:10:22 [32minfo[39m: Server is running on port 3000
18:10:44 [32minfo[39m: Server is running on port 3000
18:29:48 [32minfo[39m: Server is running on port 3000
18:30:03 [32minfo[39m: Server is running on port 3000
18:30:27 [32minfo[39m: Server is running on port 3000
18:30:43 [32minfo[39m: Server is running on port 3000
18:30:49 [32minfo[39m: Server is running on port 3000
18:30:55 [32minfo[39m: Server is running on port 3000
18:31:27 [32minfo[39m: Server is running on port 3000
18:31:40 [32minfo[39m: Server is running on port 3000
18:31:46 [32minfo[39m: Server is running on port 3000
18:31:54 [32minfo[39m: Server is running on port 3000
18:32:03 [32minfo[39m: Server is running on port 3000
18:32:13 [32minfo[39m: Server is running on port 3000
18:32:16 [32minfo[39m: Server is running on port 3000
18:32:30 [32minfo[39m: Server is running on port 3000
18:32:37 [32minfo[39m: Server is running on port 3000
21:29:52 [32minfo[39m: Server is running on port 3000
21:29:57 [32minfo[39m: Server is running on port 3000
21:32:09 [32minfo[39m: Server is running on port 3000
21:34:12 [32minfo[39m: Server is running on port 3000
21:34:25 [32minfo[39m: Server is running on port 3000
21:34:33 [32minfo[39m: Server is running on port 3000
21:34:36 [32minfo[39m: Server is running on port 3000
21:34:40 [32minfo[39m: Server is running on port 3000
21:34:43 [32minfo[39m: Server is running on port 3000
21:34:46 [32minfo[39m: Server is running on port 3000
21:34:54 [32minfo[39m: Server is running on port 3000
21:34:56 [32minfo[39m: Server is running on port 3000
21:35:03 [32minfo[39m: Server is running on port 3000
21:35:08 [32minfo[39m: Server is running on port 3000
21:35:11 [32minfo[39m: Server is running on port 3000
21:35:13 [32minfo[39m: Server is running on port 3000
21:35:16 [32minfo[39m: Server is running on port 3000
21:35:19 [32minfo[39m: Server is running on port 3000
21:35:24 [32minfo[39m: Server is running on port 3000
21:35:33 [32minfo[39m: Server is running on port 3000
21:36:41 [32minfo[39m: Server is running on port 3000
21:39:04 [32minfo[39m: Server is running on port 3000
21:39:24 [32minfo[39m: Server is running on port 3000
21:39:45 [32minfo[39m: Server is running on port 3000
21:39:53 [32minfo[39m: Server is running on port 3000
21:39:57 [32minfo[39m: Server is running on port 3000
21:39:59 [32minfo[39m: Server is running on port 3000
21:40:02 [32minfo[39m: Server is running on port 3000
21:40:12 [32minfo[39m: Server is running on port 3000
21:40:15 [32minfo[39m: Server is running on port 3000
21:40:19 [32minfo[39m: Server is running on port 3000
21:40:25 [32minfo[39m: Server is running on port 3000
21:40:30 [32minfo[39m: Server is running on port 3000
21:40:33 [32minfo[39m: Server is running on port 3000
21:40:36 [32minfo[39m: Server is running on port 3000
21:41:00 [32minfo[39m: Server is running on port 3000
21:41:02 [32minfo[39m: Server is running on port 3000
21:41:07 [32minfo[39m: Server is running on port 3000
21:41:11 [32minfo[39m: Server is running on port 3000
21:41:13 [32minfo[39m: Server is running on port 3000
21:41:24 [32minfo[39m: Server is running on port 3000
21:41:27 [32minfo[39m: Server is running on port 3000
21:42:16 [32minfo[39m: Server is running on port 3000
21:42:18 [32minfo[39m: Server is running on port 3000
21:43:01 [32minfo[39m: Server is running on port 3000
21:43:05 [32minfo[39m: Server is running on port 3000
21:43:22 [32minfo[39m: Server is running on port 3000
21:43:32 [32minfo[39m: Server is running on port 3000
21:43:45 [32minfo[39m: Server is running on port 3000
21:43:48 [32minfo[39m: Server is running on port 3000
21:43:54 [32minfo[39m: Server is running on port 3000
21:43:57 [32minfo[39m: Server is running on port 3000
21:44:04 [32minfo[39m: Server is running on port 3000
21:44:14 [32minfo[39m: Server is running on port 3000
21:44:25 [32minfo[39m: Server is running on port 3000
21:44:30 [32minfo[39m: Server is running on port 3000
21:45:39 [32minfo[39m: Server is running on port 3000
21:46:35 [32minfo[39m: Server is running on port 3000
21:46:38 [32minfo[39m: Server is running on port 3000
21:47:51 [32minfo[39m: Server is running on port 3000
21:47:55 [32minfo[39m: Server is running on port 3000
21:48:26 [32minfo[39m: Server is running on port 3000
21:48:38 [32minfo[39m: Server is running on port 3000
21:49:10 [32minfo[39m: Server is running on port 3000
21:49:15 [32minfo[39m: Server is running on port 3000
21:49:24 [32minfo[39m: Server is running on port 3000
21:49:30 [32minfo[39m: Server is running on port 3000
21:50:24 [32minfo[39m: Server is running on port 3000
21:50:43 [32minfo[39m: Server is running on port 3000
21:50:45 [32minfo[39m: Server is running on port 3000
21:50:48 [32minfo[39m: Server is running on port 3000
21:52:07 [32minfo[39m: Server is running on port 3000
21:52:15 [32minfo[39m: Server is running on port 3000
21:56:36 [32minfo[39m: Server is running on port 3000
21:56:58 [32minfo[39m: Server is running on port 3000
21:57:36 [32minfo[39m: Server is running on port 3000
21:58:35 [32minfo[39m: Server is running on port 3000
21:58:36 [32minfo[39m: Server is running on port 3000
21:58:41 [32minfo[39m: Server is running on port 3000
21:58:53 [32minfo[39m: Server is running on port 3000
21:58:59 [32minfo[39m: Server is running on port 3000
21:59:01 [32minfo[39m: Server is running on port 3000
21:59:05 [32minfo[39m: Server is running on port 3000
21:59:07 [32minfo[39m: Server is running on port 3000
21:59:11 [32minfo[39m: Server is running on port 3000
21:59:13 [32minfo[39m: Server is running on port 3000
21:59:26 [32minfo[39m: Server is running on port 3000
21:59:33 [32minfo[39m: Server is running on port 3000
21:59:38 [32minfo[39m: Server is running on port 3000
21:59:42 [32minfo[39m: Server is running on port 3000
21:59:45 [32minfo[39m: Server is running on port 3000
21:59:48 [32minfo[39m: Server is running on port 3000
21:59:55 [32minfo[39m: Server is running on port 3000
22:02:24 [32minfo[39m: Server is running on port 3000
22:04:03 [32minfo[39m: Server is running on port 3000
22:04:06 [32minfo[39m: Server is running on port 3000
22:04:08 [32minfo[39m: Server is running on port 3000
22:04:13 [32minfo[39m: Server is running on port 3000
22:04:16 [32minfo[39m: Server is running on port 3000
22:04:19 [32minfo[39m: Server is running on port 3000
22:04:48 [32minfo[39m: Server is running on port 3000
22:06:51 [32minfo[39m: Server is running on port 3000
22:09:05 [32minfo[39m: Server is running on port 3000
22:09:15 [32minfo[39m: Server is running on port 3000
22:09:22 [32minfo[39m: Server is running on port 3000
22:09:24 [32minfo[39m: Server is running on port 3000
22:09:27 [32minfo[39m: Server is running on port 3000
22:10:32 [32minfo[39m: Server is running on port 3000
22:11:23 [32minfo[39m: Server is running on port 3000
22:11:53 [32minfo[39m: Server is running on port 3000
22:11:55 [32minfo[39m: Server is running on port 3000
22:12:20 [32minfo[39m: Server is running on port 3000
22:12:41 [32minfo[39m: Server is running on port 3000
22:12:44 [32minfo[39m: Server is running on port 3000
22:13:14 [32minfo[39m: Server is running on port 3000
22:13:17 [32minfo[39m: Server is running on port 3000
22:14:36 [32minfo[39m: Server is running on port 3000
22:15:47 [32minfo[39m: Server is running on port 3000
22:15:49 [32minfo[39m: Server is running on port 3000
22:16:06 [32minfo[39m: Server is running on port 3000
22:16:25 [32minfo[39m: Server is running on port 3000
22:16:39 [32minfo[39m: Server is running on port 3000
22:16:41 [32minfo[39m: Server is running on port 3000
22:16:43 [32minfo[39m: Server is running on port 3000
22:17:09 [32minfo[39m: Server is running on port 3000
22:17:14 [32minfo[39m: Server is running on port 3000
22:17:16 [32minfo[39m: Server is running on port 3000
22:17:23 [32minfo[39m: Server is running on port 3000
22:18:24 [32minfo[39m: Server is running on port 3000
22:18:30 [32minfo[39m: Server is running on port 3000
22:18:32 [32minfo[39m: Server is running on port 3000
22:18:37 [32minfo[39m: Server is running on port 3000
22:18:51 [32minfo[39m: Server is running on port 3000
22:48:00 [32minfo[39m: Server is running on port 3000
23:21:18 [32minfo[39m: Server is running on port 3000
23:21:48 [32minfo[39m: Server is running on port 3000
23:21:57 [32minfo[39m: Server is running on port 3000
23:23:13 [32minfo[39m: Server is running on port 3000
23:24:07 [32minfo[39m: Server is running on port 3000
23:24:11 [32minfo[39m: Server is running on port 3000
23:24:14 [32minfo[39m: Server is running on port 3000
23:30:59 [32minfo[39m: Server is running on port 3000
23:31:01 [32minfo[39m: Server is running on port 3000
23:31:07 [32minfo[39m: Server is running on port 3000
23:31:11 [32minfo[39m: Server is running on port 3000
23:31:13 [32minfo[39m: Server is running on port 3000
23:31:42 [32minfo[39m: Server is running on port 3000
23:32:13 [32minfo[39m: Server is running on port 3000
15:27:30 [32minfo[39m: Server is running on port 3000
15:28:48 [32minfo[39m: Server is running on port 3000
15:39:07 [32minfo[39m: Server is running on port 3000
15:39:10 [32minfo[39m: Server is running on port 3000
15:40:03 [32minfo[39m: Server is running on port 3000
15:40:19 [32minfo[39m: Server is running on port 3000
15:40:48 [32minfo[39m: Server is running on port 3000
15:44:31 [32minfo[39m: Server is running on port 3000
15:44:34 [32minfo[39m: Server is running on port 3000
15:44:49 [32minfo[39m: Server is running on port 3000
15:45:21 [32minfo[39m: Server is running on port 3000
15:45:35 [32minfo[39m: Server is running on port 3000
15:49:11 [32minfo[39m: Server is running on port 3000
15:49:40 [32minfo[39m: Server is running on port 3000
15:49:50 [32minfo[39m: Server is running on port 3000
15:50:40 [32minfo[39m: Server is running on port 3000
15:53:34 [32minfo[39m: Server is running on port 3000
15:54:45 [32minfo[39m: Server is running on port 3000
15:57:06 [32minfo[39m: Server is running on port 3000
15:58:23 [32minfo[39m: Server is running on port 3000
15:58:32 [32minfo[39m: Server is running on port 3000
15:59:18 [32minfo[39m: Server is running on port 3000
15:59:54 [32minfo[39m: Server is running on port 3000
16:00:06 [32minfo[39m: Server is running on port 3000
16:00:16 [32minfo[39m: Server is running on port 3000
16:01:44 [32minfo[39m: Server is running on port 3000
17:37:09 [32minfo[39m: Server is running on port 3000
17:37:16 [32minfo[39m: Server is running on port 3000
17:38:33 [32minfo[39m: Server is running on port 3000
17:38:38 [32minfo[39m: Server is running on port 3000
17:39:05 [32minfo[39m: Server is running on port 3000
17:39:28 [32minfo[39m: Server is running on port 3000
17:39:30 [32minfo[39m: Server is running on port 3000
17:39:33 [32minfo[39m: Server is running on port 3000
17:39:43 [32minfo[39m: Server is running on port 3000
17:39:50 [32minfo[39m: Server is running on port 3000
17:39:53 [32minfo[39m: Server is running on port 3000
17:39:56 [32minfo[39m: Server is running on port 3000
17:40:01 [32minfo[39m: Server is running on port 3000
17:40:03 [32minfo[39m: Server is running on port 3000
17:40:08 [32minfo[39m: Server is running on port 3000
17:40:13 [32minfo[39m: Server is running on port 3000
17:40:19 [32minfo[39m: Server is running on port 3000
17:40:23 [32minfo[39m: Server is running on port 3000
17:40:27 [32minfo[39m: Server is running on port 3000
17:41:39 [32minfo[39m: Server is running on port 3000
17:42:02 [32minfo[39m: Server is running on port 3000
17:42:04 [32minfo[39m: Server is running on port 3000
17:42:11 [32minfo[39m: Server is running on port 3000
17:43:37 [32minfo[39m: Server is running on port 3000
17:43:42 [32minfo[39m: Server is running on port 3000
17:43:48 [32minfo[39m: Server is running on port 3000
17:52:36 [32minfo[39m: Server is running on port 3000
17:52:37 [32minfo[39m: Server is running on port 3000
17:52:43 [32minfo[39m: Server is running on port 3000
17:52:51 [32minfo[39m: Server is running on port 3000
17:52:54 [32minfo[39m: Server is running on port 3000
17:52:55 [32minfo[39m: Server is running on port 3000
17:53:20 [32minfo[39m: Server is running on port 3000
17:53:27 [32minfo[39m: Server is running on port 3000
17:58:53 [32minfo[39m: Server is running on port 3000
17:58:55 [32minfo[39m: Server is running on port 3000
17:59:02 [32minfo[39m: Server is running on port 3000
17:59:19 [32minfo[39m: Server is running on port 3000
17:59:35 [32minfo[39m: Server is running on port 3000
17:59:45 [32minfo[39m: Server is running on port 3000
17:59:49 [32minfo[39m: Server is running on port 3000
17:59:51 [32minfo[39m: Server is running on port 3000
18:00:03 [32minfo[39m: Server is running on port 3000
18:00:08 [32minfo[39m: Server is running on port 3000
18:00:12 [32minfo[39m: Server is running on port 3000
18:00:51 [32minfo[39m: Server is running on port 3000
18:00:55 [32minfo[39m: Server is running on port 3000
18:01:00 [32minfo[39m: Server is running on port 3000
18:01:02 [32minfo[39m: Server is running on port 3000
18:01:05 [32minfo[39m: Server is running on port 3000
18:01:08 [32minfo[39m: Server is running on port 3000
18:01:11 [32minfo[39m: Server is running on port 3000
18:01:48 [32minfo[39m: Server is running on port 3000
18:01:51 [32minfo[39m: Server is running on port 3000
18:01:53 [32minfo[39m: Server is running on port 3000
18:02:01 [32minfo[39m: Server is running on port 3000
18:02:02 [32minfo[39m: Server is running on port 3000
18:02:06 [32minfo[39m: Server is running on port 3000
18:02:09 [32minfo[39m: Server is running on port 3000
18:02:13 [32minfo[39m: Server is running on port 3000
18:02:15 [32minfo[39m: Server is running on port 3000
18:02:28 [32minfo[39m: Server is running on port 3000
18:03:22 [32minfo[39m: Server is running on port 3000
18:03:42 [32minfo[39m: Server is running on port 3000
18:03:56 [32minfo[39m: Server is running on port 3000
18:04:52 [32minfo[39m: Server is running on port 3000
18:05:04 [32minfo[39m: Server is running on port 3000
18:05:07 [32minfo[39m: Server is running on port 3000
18:05:09 [32minfo[39m: Server is running on port 3000
18:05:12 [32minfo[39m: Server is running on port 3000
18:05:18 [32minfo[39m: Server is running on port 3000
18:05:29 [32minfo[39m: Server is running on port 3000
18:05:34 [32minfo[39m: Server is running on port 3000
18:05:41 [32minfo[39m: Server is running on port 3000
18:05:45 [32minfo[39m: Server is running on port 3000
18:05:47 [32minfo[39m: Server is running on port 3000
18:05:52 [32minfo[39m: Server is running on port 3000
18:06:01 [32minfo[39m: Server is running on port 3000
18:06:04 [32minfo[39m: Server is running on port 3000
18:06:10 [32minfo[39m: Server is running on port 3000
18:06:21 [32minfo[39m: Server is running on port 3000
18:06:54 [32minfo[39m: Server is running on port 3000
18:11:29 [32minfo[39m: Server is running on port 3000
20:08:08 [32minfo[39m: Server is running on port 3000
20:08:38 [32minfo[39m: Server is running on port 3000
20:08:46 [32minfo[39m: Server is running on port 3000
20:09:07 [32minfo[39m: Server is running on port 3000
20:09:16 [32minfo[39m: Server is running on port 3000
20:09:20 [32minfo[39m: Server is running on port 3000
20:09:22 [32minfo[39m: Server is running on port 3000
20:09:26 [32minfo[39m: Server is running on port 3000
20:09:29 [32minfo[39m: Server is running on port 3000
20:09:35 [32minfo[39m: Server is running on port 3000
20:09:41 [32minfo[39m: Server is running on port 3000
20:09:46 [32minfo[39m: Server is running on port 3000
20:09:48 [32minfo[39m: Server is running on port 3000
20:10:15 [32minfo[39m: Server is running on port 3000
20:10:28 [32minfo[39m: Server is running on port 3000
20:11:55 [32minfo[39m: Server is running on port 3000
20:12:10 [32minfo[39m: Server is running on port 3000
20:12:38 [32minfo[39m: Server is running on port 3000
20:12:43 [32minfo[39m: Server is running on port 3000
20:12:46 [32minfo[39m: Server is running on port 3000
20:12:51 [32minfo[39m: Server is running on port 3000
20:12:55 [32minfo[39m: Server is running on port 3000
20:12:58 [32minfo[39m: Server is running on port 3000
20:13:00 [32minfo[39m: Server is running on port 3000
20:13:02 [32minfo[39m: Server is running on port 3000
20:13:11 [32minfo[39m: Server is running on port 3000
20:13:16 [32minfo[39m: Server is running on port 3000
20:13:42 [32minfo[39m: Server is running on port 3000
20:13:58 [32minfo[39m: Server is running on port 3000
20:14:06 [32minfo[39m: Server is running on port 3000
20:14:14 [32minfo[39m: Server is running on port 3000
20:14:35 [32minfo[39m: Server is running on port 3000
20:14:42 [32minfo[39m: Server is running on port 3000
20:14:44 [32minfo[39m: Server is running on port 3000
20:20:43 [32minfo[39m: Server is running on port 3000
20:20:48 [32minfo[39m: Server is running on port 3000
20:20:51 [32minfo[39m: Server is running on port 3000
20:20:52 [32minfo[39m: Server is running on port 3000
20:21:11 [32minfo[39m: Server is running on port 3000
20:21:14 [32minfo[39m: Server is running on port 3000
20:21:19 [32minfo[39m: Server is running on port 3000
20:21:23 [32minfo[39m: Server is running on port 3000
20:21:25 [32minfo[39m: Server is running on port 3000
20:21:29 [32minfo[39m: Server is running on port 3000
20:21:40 [32minfo[39m: Server is running on port 3000
20:22:07 [32minfo[39m: Server is running on port 3000
20:22:12 [32minfo[39m: Server is running on port 3000
20:22:14 [32minfo[39m: Server is running on port 3000
20:22:19 [32minfo[39m: Server is running on port 3000
20:22:36 [32minfo[39m: Server is running on port 3000
20:22:38 [32minfo[39m: Server is running on port 3000
20:22:40 [32minfo[39m: Server is running on port 3000
20:22:47 [32minfo[39m: Server is running on port 3000
20:22:52 [32minfo[39m: Server is running on port 3000
20:22:59 [32minfo[39m: Server is running on port 3000
20:23:02 [32minfo[39m: Server is running on port 3000
20:23:05 [32minfo[39m: Server is running on port 3000
20:23:09 [32minfo[39m: Server is running on port 3000
20:36:22 [32minfo[39m: Server is running on port 3000
20:36:33 [32minfo[39m: Server is running on port 3000
20:37:51 [32minfo[39m: Server is running on port 3000
20:38:16 [32minfo[39m: Server is running on port 3000
20:38:23 [32minfo[39m: Server is running on port 3000
20:38:25 [32minfo[39m: Server is running on port 3000
20:38:26 [32minfo[39m: Server is running on port 3000
20:43:58 [32minfo[39m: Server is running on port 3000
20:47:01 [32minfo[39m: Server is running on port 3000
20:47:04 [32minfo[39m: Server is running on port 3000
20:47:49 [32minfo[39m: Server is running on port 3000
20:48:34 [32minfo[39m: Server is running on port 3000
20:48:58 [32minfo[39m: Server is running on port 3000
20:49:00 [32minfo[39m: Server is running on port 3000
20:49:03 [32minfo[39m: Server is running on port 3000
20:49:33 [32minfo[39m: Server is running on port 3000
20:49:43 [32minfo[39m: Server is running on port 3000
20:49:47 [32minfo[39m: Server is running on port 3000
20:52:59 [32minfo[39m: Server is running on port 3000
20:53:03 [32minfo[39m: Server is running on port 3000
20:53:05 [32minfo[39m: Server is running on port 3000
20:53:07 [32minfo[39m: Server is running on port 3000
20:53:37 [32minfo[39m: Server is running on port 3000
20:53:41 [32minfo[39m: Server is running on port 3000
20:53:43 [32minfo[39m: Server is running on port 3000
20:53:52 [32minfo[39m: Server is running on port 3000
20:53:56 [32minfo[39m: Server is running on port 3000
20:53:59 [32minfo[39m: Server is running on port 3000
20:54:01 [32minfo[39m: Server is running on port 3000
20:54:05 [32minfo[39m: Server is running on port 3000
20:54:08 [32minfo[39m: Server is running on port 3000
20:54:33 [32minfo[39m: Server is running on port 3000
20:54:35 [32minfo[39m: Server is running on port 3000
21:14:08 [32minfo[39m: Server is running on port 3000
21:14:34 [32minfo[39m: Server is running on port 3000
21:14:41 [32minfo[39m: Server is running on port 3000
21:14:49 [32minfo[39m: Server is running on port 3000
21:15:33 [32minfo[39m: Server is running on port 3000
21:17:23 [32minfo[39m: Server is running on port 3000
21:17:29 [32minfo[39m: Server is running on port 3000
21:17:50 [32minfo[39m: Server is running on port 3000
21:17:55 [32minfo[39m: Server is running on port 3000
21:18:06 [32minfo[39m: Server is running on port 3000
21:18:12 [32minfo[39m: Server is running on port 3000
21:18:34 [32minfo[39m: Server is running on port 3000
21:21:40 [32minfo[39m: Server is running on port 3000
21:23:39 [32minfo[39m: Server is running on port 3000
21:24:12 [32minfo[39m: Server is running on port 3000
21:24:16 [32minfo[39m: Server is running on port 3000
21:24:51 [32minfo[39m: Server is running on port 3000
21:24:55 [32minfo[39m: Server is running on port 3000
21:25:09 [32minfo[39m: Server is running on port 3000
21:25:16 [32minfo[39m: Server is running on port 3000
21:25:26 [32minfo[39m: Server is running on port 3000
21:25:58 [32minfo[39m: Server is running on port 3000
21:26:01 [32minfo[39m: Server is running on port 3000
21:26:15 [32minfo[39m: Server is running on port 3000
21:26:26 [32minfo[39m: Server is running on port 3000
21:28:21 [32minfo[39m: Server is running on port 3000
21:29:43 [32minfo[39m: Server is running on port 3000
21:29:59 [32minfo[39m: Server is running on port 3000
21:30:04 [32minfo[39m: Server is running on port 3000
21:30:46 [32minfo[39m: Server is running on port 3000
21:31:11 [32minfo[39m: Server is running on port 3000
21:33:07 [32minfo[39m: Server is running on port 3000
21:33:32 [32minfo[39m: Server is running on port 3000
21:33:42 [32minfo[39m: Server is running on port 3000
21:33:54 [32minfo[39m: Server is running on port 3000
21:34:28 [32minfo[39m: Server is running on port 3000
21:35:09 [32minfo[39m: Server is running on port 3000
21:35:14 [32minfo[39m: Server is running on port 3000
21:35:19 [32minfo[39m: Server is running on port 3000
21:37:22 [32minfo[39m: Server is running on port 3000
21:37:43 [32minfo[39m: Server is running on port 3000
21:38:02 [32minfo[39m: Server is running on port 3000
21:38:07 [32minfo[39m: Server is running on port 3000
21:38:15 [32minfo[39m: Server is running on port 3000
21:38:21 [32minfo[39m: Server is running on port 3000
21:38:34 [32minfo[39m: Server is running on port 3000
21:38:52 [32minfo[39m: Server is running on port 3000
21:39:09 [32minfo[39m: Server is running on port 3000
21:39:15 [32minfo[39m: Server is running on port 3000
21:39:27 [32minfo[39m: Server is running on port 3000
21:39:40 [32minfo[39m: Server is running on port 3000
21:39:53 [32minfo[39m: Server is running on port 3000
21:39:56 [32minfo[39m: Server is running on port 3000
21:40:01 [32minfo[39m: Server is running on port 3000
21:41:06 [32minfo[39m: Server is running on port 3000
21:41:41 [32minfo[39m: Server is running on port 3000
21:42:58 [32minfo[39m: Server is running on port 3000
21:44:22 [32minfo[39m: Server is running on port 3000
21:45:06 [32minfo[39m: Server is running on port 3000
21:46:01 [32minfo[39m: Server is running on port 3000
21:46:40 [32minfo[39m: Server is running on port 3000
21:46:52 [32minfo[39m: Server is running on port 3000
21:47:31 [32minfo[39m: Server is running on port 3000
21:47:42 [32minfo[39m: Server is running on port 3000
21:47:52 [32minfo[39m: Server is running on port 3000
21:48:22 [32minfo[39m: Server is running on port 3000
21:49:15 [32minfo[39m: Server is running on port 3000
21:50:18 [32minfo[39m: Server is running on port 3000
21:52:12 [32minfo[39m: Server is running on port 3000
21:52:40 [32minfo[39m: Server is running on port 3000
21:52:54 [32minfo[39m: Server is running on port 3000
21:54:15 [32minfo[39m: Server is running on port 3000
21:56:36 [32minfo[39m: Server is running on port 3000
22:01:40 [32minfo[39m: Server is running on port 3000
22:02:20 [32minfo[39m: Server is running on port 3000
22:17:38 [32minfo[39m: Server is running on port 3000
22:17:48 [32minfo[39m: Server is running on port 3000
22:18:16 [32minfo[39m: Server is running on port 3000
22:18:45 [32minfo[39m: Server is running on port 3000
22:19:25 [32minfo[39m: Server is running on port 3000
22:20:12 [32minfo[39m: Server is running on port 3000
22:21:51 [32minfo[39m: Server is running on port 3000
22:22:41 [32minfo[39m: Server is running on port 3000
22:22:46 [32minfo[39m: Server is running on port 3000
22:22:49 [32minfo[39m: Server is running on port 3000
22:22:53 [32minfo[39m: Server is running on port 3000
22:23:06 [32minfo[39m: Server is running on port 3000
22:23:14 [32minfo[39m: Server is running on port 3000
22:23:18 [32minfo[39m: Server is running on port 3000
22:23:30 [32minfo[39m: Server is running on port 3000
22:23:40 [32minfo[39m: Server is running on port 3000
22:23:54 [32minfo[39m: Server is running on port 3000
22:24:27 [32minfo[39m: Server is running on port 3000
22:24:34 [32minfo[39m: Server is running on port 3000
22:24:40 [32minfo[39m: Server is running on port 3000
22:24:48 [32minfo[39m: Server is running on port 3000
22:24:54 [32minfo[39m: Server is running on port 3000
22:24:59 [32minfo[39m: Server is running on port 3000
22:25:32 [32minfo[39m: Server is running on port 3000
22:25:37 [32minfo[39m: Server is running on port 3000
22:25:43 [32minfo[39m: Server is running on port 3000
22:25:48 [32minfo[39m: Server is running on port 3000
22:25:53 [32minfo[39m: Server is running on port 3000
22:26:08 [32minfo[39m: Server is running on port 3000
22:26:25 [32minfo[39m: Server is running on port 3000
22:26:39 [32minfo[39m: Server is running on port 3000
22:26:45 [32minfo[39m: Server is running on port 3000
22:26:48 [32minfo[39m: Server is running on port 3000
22:26:54 [32minfo[39m: Server is running on port 3000
22:35:51 [32minfo[39m: Server is running on port 3000
22:36:01 [32minfo[39m: Server is running on port 3000
22:36:06 [32minfo[39m: Server is running on port 3000
22:36:29 [32minfo[39m: Server is running on port 3000
22:36:33 [32minfo[39m: Server is running on port 3000
22:36:45 [32minfo[39m: Server is running on port 3000
22:37:24 [32minfo[39m: Server is running on port 3000
22:38:02 [32minfo[39m: Server is running on port 3000
22:38:19 [32minfo[39m: Server is running on port 3000
22:38:51 [32minfo[39m: Server is running on port 3000
22:58:39 [32minfo[39m: Server is running on port 3000
22:59:06 [32minfo[39m: Server is running on port 3000
23:00:24 [32minfo[39m: Server is running on port 3000
23:00:27 [32minfo[39m: Server is running on port 3000
23:03:51 [32minfo[39m: Server is running on port 3000
23:03:57 [32minfo[39m: Server is running on port 3000
23:04:08 [32minfo[39m: Server is running on port 3000
23:04:16 [32minfo[39m: Server is running on port 3000
23:04:30 [32minfo[39m: Server is running on port 3000
23:04:52 [32minfo[39m: Server is running on port 3000
23:04:58 [32minfo[39m: Server is running on port 3000
23:05:17 [32minfo[39m: Server is running on port 3000
23:05:25 [32minfo[39m: Server is running on port 3000
23:05:41 [32minfo[39m: Server is running on port 3000
23:05:42 [32minfo[39m: Server is running on port 3000
23:05:46 [32minfo[39m: Server is running on port 3000
23:06:37 [32minfo[39m: Server is running on port 3000
23:06:39 [32minfo[39m: Server is running on port 3000
23:27:19 [32minfo[39m: Server is running on port 3000
23:27:28 [32minfo[39m: Server is running on port 3000
23:27:33 [32minfo[39m: Server is running on port 3000
23:27:47 [32minfo[39m: Server is running on port 3000
23:27:50 [32minfo[39m: Server is running on port 3000
23:27:57 [32minfo[39m: Server is running on port 3000
23:28:25 [32minfo[39m: Server is running on port 3000
23:29:02 [32minfo[39m: Server is running on port 3000
23:29:13 [32minfo[39m: Server is running on port 3000
23:29:57 [32minfo[39m: Server is running on port 3000
23:30:02 [32minfo[39m: Server is running on port 3000
23:30:53 [32minfo[39m: Server is running on port 3000
23:30:58 [32minfo[39m: Server is running on port 3000
23:33:31 [32minfo[39m: Server is running on port 3000
